Flow report for lab4b
Thu Mar 12 09:14:54 2026
Quartus II 64-Bit Version 13.0.1 Build 232 06/12/2013 Service Pack 1 SJ Web Edition


---------------------
; Table of Contents ;
---------------------
  1. Legal Notice
  2. Flow Summary
  3. Flow Settings
  4. Flow Non-Default Global Settings
  5. Flow Elapsed Time
  6. Flow OS Summary
  7. Flow Log
  8. Flow Messages
  9. Flow Suppressed Messages



----------------
; Legal Notice ;
----------------
Copyright (C) 1991-2013 Altera Corporation
Your use of Altera Corporation's design tools, logic functions 
and other software and tools, and its AMPP partner logic 
functions, and any output files from any of the foregoing 
(including device programming or simulation files), and any 
associated documentation or information are expressly subject 
to the terms and conditions of the Altera Program License 
Subscription Agreement, Altera MegaCore Function License 
Agreement, or other applicable license agreement, including, 
without limitation, that your use is for the sole purpose of 
programming logic devices manufactured by Altera and sold by 
Altera or its authorized distributors.  Please refer to the 
applicable agreement for further details.



+--------------------------------------------------------------------------------------+
; Flow Summary                                                                         ;
+------------------------------------+-------------------------------------------------+
; Flow Status                        ; Successful - Thu Mar 12 09:14:54 2026           ;
; Quartus II 64-Bit Version          ; 13.0.1 Build 232 06/12/2013 SP 1 SJ Web Edition ;
; Revision Name                      ; lab4b                                           ;
; Top-level Entity Name              ; data_path                                       ;
; Family                             ; Cyclone IV E                                    ;
; Device                             ; EP4CE115F23C7                                   ;
; Timing Models                      ; Final                                           ;
; Total logic elements               ; 613                                             ;
;     Total combinational functions  ; 612                                             ;
;     Dedicated logic registers      ; 193                                             ;
; Total registers                    ; 193                                             ;
; Total pins                         ; 326                                             ;
; Total virtual pins                 ; 0                                               ;
; Total memory bits                  ; 8,192                                           ;
; Embedded Multiplier 9-bit elements ; 0                                               ;
; Total PLLs                         ; 0                                               ;
+------------------------------------+-------------------------------------------------+


+-----------------------------------------+
; Flow Settings                           ;
+-------------------+---------------------+
; Option            ; Setting             ;
+-------------------+---------------------+
; Start date & time ; 03/12/2026 07:20:10 ;
; Main task         ; Compilation         ;
; Revision Name     ; lab4b               ;
+-------------------+---------------------+


+-----------------------------------------------------------------------------------------------------------------+
; Flow Non-Default Global Settings                                                                                ;
+-------------------------------------+--------------------------------+---------------+-------------+------------+
; Assignment Name                     ; Value                          ; Default Value ; Entity Name ; Section Id ;
+-------------------------------------+--------------------------------+---------------+-------------+------------+
; COMPILER_SIGNATURE_ID               ; 49050015744739.177331441001128 ; --            ; --          ; --         ;
; MAX_CORE_JUNCTION_TEMP              ; 85                             ; --            ; --          ; --         ;
; MIN_CORE_JUNCTION_TEMP              ; 0                              ; --            ; --          ; --         ;
; NOMINAL_CORE_SUPPLY_VOLTAGE         ; 1.2V                           ; --            ; --          ; --         ;
; PARTITION_COLOR                     ; 16764057                       ; --            ; data_path   ; Top        ;
; PARTITION_FITTER_PRESERVATION_LEVEL ; PLACEMENT_AND_ROUTING          ; --            ; data_path   ; Top        ;
; PARTITION_NETLIST_TYPE              ; SOURCE                         ; --            ; data_path   ; Top        ;
; PROJECT_OUTPUT_DIRECTORY            ; output_files                   ; --            ; --          ; --         ;
; TOP_LEVEL_ENTITY                    ; data_path                      ; lab4b         ; --          ; --         ;
+-------------------------------------+--------------------------------+---------------+-------------+------------+


+--------------------------------------------------------------------------------------------------------------------------+
; Flow Elapsed Time                                                                                                        ;
+----------------------+--------------+-------------------------+---------------------+------------------------------------+
; Module Name          ; Elapsed Time ; Average Processors Used ; Peak Virtual Memory ; Total CPU Time (on all processors) ;
+----------------------+--------------+-------------------------+---------------------+------------------------------------+
; Analysis & Synthesis ; 00:00:02     ; 1.0                     ; 393 MB              ; 00:00:00                           ;
; EDA Netlist Writer   ; 00:00:00     ; 1.0                     ; 221 MB              ; 00:00:00                           ;
; EDA Netlist Writer   ; 00:00:00     ; 1.0                     ; 221 MB              ; 00:00:00                           ;
; EDA Netlist Writer   ; 00:00:01     ; 1.0                     ; 217 MB              ; 00:00:00                           ;
; EDA Netlist Writer   ; 00:00:00     ; 1.0                     ; 221 MB              ; 00:00:00                           ;
; EDA Netlist Writer   ; 00:00:00     ; 1.0                     ; 221 MB              ; 00:00:00                           ;
; EDA Netlist Writer   ; 00:00:00     ; 1.0                     ; 221 MB              ; 00:00:00                           ;
; Total                ; 00:00:03     ; --                      ; --                  ; 00:00:00                           ;
+----------------------+--------------+-------------------------+---------------------+------------------------------------+


+-------------------------------------------------------------------------------------+
; Flow OS Summary                                                                     ;
+----------------------+--------------------+-----------+------------+----------------+
; Module Name          ; Machine Hostname   ; OS Name   ; OS Version ; Processor type ;
+----------------------+--------------------+-----------+------------+----------------+
; Analysis & Synthesis ; hahnchen-manjaro-2 ; Windows 7 ; 6.2        ; x86_64         ;
; EDA Netlist Writer   ; hahnchen-manjaro-2 ; Windows 7 ; 6.2        ; x86_64         ;
; EDA Netlist Writer   ; hahnchen-manjaro-2 ; Windows 7 ; 6.2        ; x86_64         ;
; EDA Netlist Writer   ; hahnchen-manjaro-2 ; Windows 7 ; 6.2        ; x86_64         ;
; EDA Netlist Writer   ; hahnchen-manjaro-2 ; Windows 7 ; 6.2        ; x86_64         ;
; EDA Netlist Writer   ; hahnchen-manjaro-2 ; Windows 7 ; 6.2        ; x86_64         ;
; EDA Netlist Writer   ; hahnchen-manjaro-2 ; Windows 7 ; 6.2        ; x86_64         ;
+----------------------+--------------------+-----------+------------+----------------+


------------
; Flow Log ;
------------
quartus_map --read_settings_files=on --write_settings_files=off lab4b -c lab4b
quartus_eda --gen_testbench --check_outputs=on --tool=modelsim_oem --format=verilog lab4b -c lab4b --vector_source=Z:/home/drhahnchenflugel/Documents/GitHub/Computer-Organisation-Architecture-Work/lab4b_vhdl/LDAI.vwf --testbench_file=./simulation/qsim/lab4b.vt
quartus_eda --functional=on --simulation=on --tool=modelsim_oem --format=verilog lab4b -c lab4b
quartus_eda --gen_testbench --check_outputs=on --tool=modelsim_oem --format=verilog lab4b -c lab4b --vector_source=Z:/home/drhahnchenflugel/Documents/GitHub/Computer-Organisation-Architecture-Work/lab4b_vhdl/CLRB.vwf --testbench_file=./simulation/qsim/lab4b.vt
quartus_eda --functional=on --simulation=on --tool=modelsim_oem --format=verilog lab4b -c lab4b
quartus_eda --gen_testbench --check_outputs=on --tool=modelsim_oem --format=verilog lab4b -c lab4b --vector_source=Z:/home/drhahnchenflugel/Documents/GitHub/Computer-Organisation-Architecture-Work/lab4b_vhdl/ADDI.vwf --testbench_file=./simulation/qsim/lab4b.vt
quartus_eda --functional=on --simulation=on --tool=modelsim_oem --format=verilog lab4b -c lab4b



