Analysis & Synthesis report for lab4b
Thu Mar 12 07:20:13 2026
Quartus II 64-Bit Version 13.0.1 Build 232 06/12/2013 Service Pack 1 SJ Web Edition


---------------------
; Table of Contents ;
---------------------
  1. Legal Notice
  2. Analysis & Synthesis Summary
  3. Analysis & Synthesis Settings
  4. Parallel Compilation
  5. Analysis & Synthesis Source Files Read
  6. Analysis & Synthesis Resource Usage Summary
  7. Analysis & Synthesis Resource Utilization by Entity
  8. Analysis & Synthesis RAM Summary
  9. General Register Statistics
 10. Multiplexer Restructuring Statistics (Restructuring Performed)
 11. Source assignments for data_mem:Data_Mem0|altsyncram:DATAMEM_rtl_0|altsyncram_hie1:auto_generated
 12. Parameter Settings for Inferred Entity Instance: data_mem:Data_Mem0|altsyncram:DATAMEM_rtl_0
 13. altsyncram Parameter Settings by Entity Instance
 14. Port Connectivity Checks: "mux4to1:DATA_MUX0"
 15. Port Connectivity Checks: "mux4to1:IM_MUX2a"
 16. Elapsed Time Per Partition
 17. Analysis & Synthesis Messages



----------------
; Legal Notice ;
----------------
Copyright (C) 1991-2013 Altera Corporation
Your use of Altera Corporation's design tools, logic functions 
and other software and tools, and its AMPP partner logic 
functions, and any output files from any of the foregoing 
(including device programming or simulation files), and any 
associated documentation or information are expressly subject 
to the terms and conditions of the Altera Program License 
Subscription Agreement, Altera MegaCore Function License 
Agreement, or other applicable license agreement, including, 
without limitation, that your use is for the sole purpose of 
programming logic devices manufactured by Altera and sold by 
Altera or its authorized distributors.  Please refer to the 
applicable agreement for further details.



+--------------------------------------------------------------------------------------+
; Analysis & Synthesis Summary                                                         ;
+------------------------------------+-------------------------------------------------+
; Analysis & Synthesis Status        ; Successful - Thu Mar 12 07:20:13 2026           ;
; Quartus II 64-Bit Version          ; 13.0.1 Build 232 06/12/2013 SP 1 SJ Web Edition ;
; Revision Name                      ; lab4b                                           ;
; Top-level Entity Name              ; data_path                                       ;
; Family                             ; Cyclone IV E                                    ;
; Total logic elements               ; 613                                             ;
;     Total combinational functions  ; 612                                             ;
;     Dedicated logic registers      ; 193                                             ;
; Total registers                    ; 193                                             ;
; Total pins                         ; 326                                             ;
; Total virtual pins                 ; 0                                               ;
; Total memory bits                  ; 8,192                                           ;
; Embedded Multiplier 9-bit elements ; 0                                               ;
; Total PLLs                         ; 0                                               ;
+------------------------------------+-------------------------------------------------+


+----------------------------------------------------------------------------------------------------------------------+
; Analysis & Synthesis Settings                                                                                        ;
+----------------------------------------------------------------------------+--------------------+--------------------+
; Option                                                                     ; Setting            ; Default Value      ;
+----------------------------------------------------------------------------+--------------------+--------------------+
; Device                                                                     ; EP4CE115F23C7      ;                    ;
; Top-level entity name                                                      ; data_path          ; lab4b              ;
; Family name                                                                ; Cyclone IV E       ; Cyclone IV GX      ;
; Use smart compilation                                                      ; Off                ; Off                ;
; Enable parallel Assembler and TimeQuest Timing Analyzer during compilation ; On                 ; On                 ;
; Enable compact report table                                                ; Off                ; Off                ;
; Restructure Multiplexers                                                   ; Auto               ; Auto               ;
; Create Debugging Nodes for IP Cores                                        ; Off                ; Off                ;
; Preserve fewer node names                                                  ; On                 ; On                 ;
; Disable OpenCore Plus hardware evaluation                                  ; Off                ; Off                ;
; Verilog Version                                                            ; Verilog_2001       ; Verilog_2001       ;
; VHDL Version                                                               ; VHDL_1993          ; VHDL_1993          ;
; State Machine Processing                                                   ; Auto               ; Auto               ;
; Safe State Machine                                                         ; Off                ; Off                ;
; Extract Verilog State Machines                                             ; On                 ; On                 ;
; Extract VHDL State Machines                                                ; On                 ; On                 ;
; Ignore Verilog initial constructs                                          ; Off                ; Off                ;
; Iteration limit for constant Verilog loops                                 ; 5000               ; 5000               ;
; Iteration limit for non-constant Verilog loops                             ; 250                ; 250                ;
; Add Pass-Through Logic to Inferred RAMs                                    ; On                 ; On                 ;
; Infer RAMs from Raw Logic                                                  ; On                 ; On                 ;
; Parallel Synthesis                                                         ; On                 ; On                 ;
; DSP Block Balancing                                                        ; Auto               ; Auto               ;
; NOT Gate Push-Back                                                         ; On                 ; On                 ;
; Power-Up Don't Care                                                        ; On                 ; On                 ;
; Remove Redundant Logic Cells                                               ; Off                ; Off                ;
; Remove Duplicate Registers                                                 ; On                 ; On                 ;
; Ignore CARRY Buffers                                                       ; Off                ; Off                ;
; Ignore CASCADE Buffers                                                     ; Off                ; Off                ;
; Ignore GLOBAL Buffers                                                      ; Off                ; Off                ;
; Ignore ROW GLOBAL Buffers                                                  ; Off                ; Off                ;
; Ignore LCELL Buffers                                                       ; Off                ; Off                ;
; Ignore SOFT Buffers                                                        ; On                 ; On                 ;
; Limit AHDL Integers to 32 Bits                                             ; Off                ; Off                ;
; Optimization Technique                                                     ; Balanced           ; Balanced           ;
; Carry Chain Length                                                         ; 70                 ; 70                 ;
; Auto Carry Chains                                                          ; On                 ; On                 ;
; Auto Open-Drain Pins                                                       ; On                 ; On                 ;
; Perform WYSIWYG Primitive Resynthesis                                      ; Off                ; Off                ;
; Auto ROM Replacement                                                       ; On                 ; On                 ;
; Auto RAM Replacement                                                       ; On                 ; On                 ;
; Auto DSP Block Replacement                                                 ; On                 ; On                 ;
; Auto Shift Register Replacement                                            ; Auto               ; Auto               ;
; Allow Shift Register Merging across Hierarchies                            ; Auto               ; Auto               ;
; Auto Clock Enable Replacement                                              ; On                 ; On                 ;
; Strict RAM Replacement                                                     ; Off                ; Off                ;
; Allow Synchronous Control Signals                                          ; On                 ; On                 ;
; Force Use of Synchronous Clear Signals                                     ; Off                ; Off                ;
; Auto RAM Block Balancing                                                   ; On                 ; On                 ;
; Auto RAM to Logic Cell Conversion                                          ; Off                ; Off                ;
; Auto Resource Sharing                                                      ; Off                ; Off                ;
; Allow Any RAM Size For Recognition                                         ; Off                ; Off                ;
; Allow Any ROM Size For Recognition                                         ; Off                ; Off                ;
; Allow Any Shift Register Size For Recognition                              ; Off                ; Off                ;
; Use LogicLock Constraints during Resource Balancing                        ; On                 ; On                 ;
; Ignore translate_off and synthesis_off directives                          ; Off                ; Off                ;
; Timing-Driven Synthesis                                                    ; On                 ; On                 ;
; Report Parameter Settings                                                  ; On                 ; On                 ;
; Report Source Assignments                                                  ; On                 ; On                 ;
; Report Connectivity Checks                                                 ; On                 ; On                 ;
; Ignore Maximum Fan-Out Assignments                                         ; Off                ; Off                ;
; Synchronization Register Chain Length                                      ; 2                  ; 2                  ;
; PowerPlay Power Optimization                                               ; Normal compilation ; Normal compilation ;
; HDL message level                                                          ; Level2             ; Level2             ;
; Suppress Register Optimization Related Messages                            ; Off                ; Off                ;
; Number of Removed Registers Reported in Synthesis Report                   ; 5000               ; 5000               ;
; Number of Swept Nodes Reported in Synthesis Report                         ; 5000               ; 5000               ;
; Number of Inverted Registers Reported in Synthesis Report                  ; 100                ; 100                ;
; Clock MUX Protection                                                       ; On                 ; On                 ;
; Auto Gated Clock Conversion                                                ; Off                ; Off                ;
; Block Design Naming                                                        ; Auto               ; Auto               ;
; SDC constraint protection                                                  ; Off                ; Off                ;
; Synthesis Effort                                                           ; Auto               ; Auto               ;
; Shift Register Replacement - Allow Asynchronous Clear Signal               ; On                 ; On                 ;
; Pre-Mapping Resynthesis Optimization                                       ; Off                ; Off                ;
; Analysis & Synthesis Message Level                                         ; Medium             ; Medium             ;
; Disable Register Merging Across Hierarchies                                ; Auto               ; Auto               ;
; Resource Aware Inference For Block RAM                                     ; On                 ; On                 ;
; Synthesis Seed                                                             ; 1                  ; 1                  ;
+----------------------------------------------------------------------------+--------------------+--------------------+


Parallel compilation was disabled, but you have multiple processors available. Enable parallel compilation to reduce compilation time.
+-------------------------------------+
; Parallel Compilation                ;
+----------------------------+--------+
; Processors                 ; Number ;
+----------------------------+--------+
; Number detected on machine ; 16     ;
; Maximum allowed            ; 1      ;
+----------------------------+--------+


+-------------------------------------------------------------------------------------------------------------------------------------------------------------------------------------------------------------------+
; Analysis & Synthesis Source Files Read                                                                                                                                                                            ;
+----------------------------------+-----------------+------------------------------+---------------------------------------------------------------------------------------------------------------------+---------+
; File Name with User-Entered Path ; Used in Netlist ; File Type                    ; File Name with Absolute Path                                                                                        ; Library ;
+----------------------------------+-----------------+------------------------------+---------------------------------------------------------------------------------------------------------------------+---------+
; data_mem.vhd                     ; yes             ; User VHDL File               ; Z:/home/drhahnchenflugel/Documents/GitHub/Computer-Organisation-Architecture-Work/lab4b_vhdl/data_mem.vhd           ;         ;
; alu.vhd                          ; yes             ; User VHDL File               ; Z:/home/drhahnchenflugel/Documents/GitHub/Computer-Organisation-Architecture-Work/lab4b_vhdl/alu.vhd                ;         ;
; pc.vhd                           ; yes             ; User VHDL File               ; Z:/home/drhahnchenflugel/Documents/GitHub/Computer-Organisation-Architecture-Work/lab4b_vhdl/pc.vhd                 ;         ;
; register32.vhd                   ; yes             ; User VHDL File               ; Z:/home/drhahnchenflugel/Documents/GitHub/Computer-Organisation-Architecture-Work/lab4b_vhdl/register32.vhd         ;         ;
; LZE.vhd                          ; yes             ; User VHDL File               ; Z:/home/drhahnchenflugel/Documents/GitHub/Computer-Organisation-Architecture-Work/lab4b_vhdl/LZE.vhd                ;         ;
; UZE.vhd                          ; yes             ; User VHDL File               ; Z:/home/drhahnchenflugel/Documents/GitHub/Computer-Organisation-Architecture-Work/lab4b_vhdl/UZE.vhd                ;         ;
; RED.vhd                          ; yes             ; User VHDL File               ; Z:/home/drhahnchenflugel/Documents/GitHub/Computer-Organisation-Architecture-Work/lab4b_vhdl/RED.vhd                ;         ;
; mux4to1.vhd                      ; yes             ; User VHDL File               ; Z:/home/drhahnchenflugel/Documents/GitHub/Computer-Organisation-Architecture-Work/lab4b_vhdl/mux4to1.vhd            ;         ;
; data_path.vhd                    ; yes             ; User VHDL File               ; Z:/home/drhahnchenflugel/Documents/GitHub/Computer-Organisation-Architecture-Work/lab4b_vhdl/data_path.vhd          ;         ;
; mux2to1.vhd                      ; yes             ; User VHDL File               ; Z:/home/drhahnchenflugel/Documents/GitHub/Computer-Organisation-Architecture-Work/lab4b_vhdl/mux2to1.vhd            ;         ;
; altsyncram.tdf                   ; yes             ; Megafunction                 ; c:/altera/13.0sp1/quartus/libraries/megafunctions/altsyncram.tdf                                                    ;         ;
; stratix_ram_block.inc            ; yes             ; Megafunction                 ; c:/altera/13.0sp1/quartus/libraries/megafunctions/stratix_ram_block.inc                                             ;         ;
; lpm_mux.inc                      ; yes             ; Megafunction                 ; c:/altera/13.0sp1/quartus/libraries/megafunctions/lpm_mux.inc                                                       ;         ;
; lpm_decode.inc                   ; yes             ; Megafunction                 ; c:/altera/13.0sp1/quartus/libraries/megafunctions/lpm_decode.inc                                                    ;         ;
; aglobal130.inc                   ; yes             ; Megafunction                 ; c:/altera/13.0sp1/quartus/libraries/megafunctions/aglobal130.inc                                                    ;         ;
; a_rdenreg.inc                    ; yes             ; Megafunction                 ; c:/altera/13.0sp1/quartus/libraries/megafunctions/a_rdenreg.inc                                                     ;         ;
; altrom.inc                       ; yes             ; Megafunction                 ; c:/altera/13.0sp1/quartus/libraries/megafunctions/altrom.inc                                                        ;         ;
; altram.inc                       ; yes             ; Megafunction                 ; c:/altera/13.0sp1/quartus/libraries/megafunctions/altram.inc                                                        ;         ;
; altdpram.inc                     ; yes             ; Megafunction                 ; c:/altera/13.0sp1/quartus/libraries/megafunctions/altdpram.inc                                                      ;         ;
; db/altsyncram_hie1.tdf           ; yes             ; Auto-Generated Megafunction  ; Z:/home/drhahnchenflugel/Documents/GitHub/Computer-Organisation-Architecture-Work/lab4b_vhdl/db/altsyncram_hie1.tdf ;         ;
+----------------------------------+-----------------+------------------------------+---------------------------------------------------------------------------------------------------------------------+---------+


+---------------------------------------------------------+
; Analysis & Synthesis Resource Usage Summary             ;
+---------------------------------------------+-----------+
; Resource                                    ; Usage     ;
+---------------------------------------------+-----------+
; Estimated Total logic elements              ; 613       ;
;                                             ;           ;
; Total combinational functions               ; 612       ;
; Logic element usage by number of LUT inputs ;           ;
;     -- 4 input functions                    ; 371       ;
;     -- 3 input functions                    ; 187       ;
;     -- <=2 input functions                  ; 54        ;
;                                             ;           ;
; Logic elements by mode                      ;           ;
;     -- normal mode                          ; 583       ;
;     -- arithmetic mode                      ; 29        ;
;                                             ;           ;
; Total registers                             ; 193       ;
;     -- Dedicated logic registers            ; 193       ;
;     -- I/O registers                        ; 0         ;
;                                             ;           ;
; I/O pins                                    ; 326       ;
; Total memory bits                           ; 8192      ;
; Embedded Multiplier 9-bit elements          ; 0         ;
; Maximum fan-out node                        ; CLK~input ;
; Maximum fan-out                             ; 161       ;
; Total fan-out                               ; 4151      ;
; Average fan-out                             ; 2.79      ;
+---------------------------------------------+-----------+


+--------------------------------------------------------------------------------------------------------------------------------------------------------------------------------------------------------------------------------------------------------------+
; Analysis & Synthesis Resource Utilization by Entity                                                                                                                                                                                                          ;
+-------------------------------------------+-------------------+--------------+-------------+--------------+---------+-----------+------+--------------+---------------------------------------------------------------------------------------+--------------+
; Compilation Hierarchy Node                ; LC Combinationals ; LC Registers ; Memory Bits ; DSP Elements ; DSP 9x9 ; DSP 18x18 ; Pins ; Virtual Pins ; Full Hierarchy Name                                                                   ; Library Name ;
+-------------------------------------------+-------------------+--------------+-------------+--------------+---------+-----------+------+--------------+---------------------------------------------------------------------------------------+--------------+
; |data_path                                ; 612 (0)           ; 193 (0)      ; 8192        ; 0            ; 0       ; 0         ; 326  ; 0            ; |data_path                                                                            ; work         ;
;    |alu:ALU0|                             ; 278 (278)         ; 0 (0)        ; 0           ; 0            ; 0       ; 0         ; 0    ; 0            ; |data_path|alu:ALU0                                                                   ; work         ;
;    |data_mem:Data_Mem0|                   ; 36 (36)           ; 65 (65)      ; 8192        ; 0            ; 0       ; 0         ; 0    ; 0            ; |data_path|data_mem:Data_Mem0                                                         ; work         ;
;       |altsyncram:DATAMEM_rtl_0|          ; 0 (0)             ; 0 (0)        ; 8192        ; 0            ; 0       ; 0         ; 0    ; 0            ; |data_path|data_mem:Data_Mem0|altsyncram:DATAMEM_rtl_0                                ; work         ;
;          |altsyncram_hie1:auto_generated| ; 0 (0)             ; 0 (0)        ; 8192        ; 0            ; 0       ; 0         ; 0    ; 0            ; |data_path|data_mem:Data_Mem0|altsyncram:DATAMEM_rtl_0|altsyncram_hie1:auto_generated ; work         ;
;    |mux2to1:A_Mux0|                       ; 37 (37)           ; 0 (0)        ; 0           ; 0            ; 0       ; 0         ; 0    ; 0            ; |data_path|mux2to1:A_Mux0                                                             ; work         ;
;    |mux2to1:B_Mux0|                       ; 33 (33)           ; 0 (0)        ; 0           ; 0            ; 0       ; 0         ; 0    ; 0            ; |data_path|mux2to1:B_Mux0                                                             ; work         ;
;    |mux2to1:IM_MUX1a|                     ; 32 (32)           ; 0 (0)        ; 0           ; 0            ; 0       ; 0         ; 0    ; 0            ; |data_path|mux2to1:IM_MUX1a                                                           ; work         ;
;    |mux2to1:Reg_Mux0|                     ; 32 (32)           ; 0 (0)        ; 0           ; 0            ; 0       ; 0         ; 0    ; 0            ; |data_path|mux2to1:Reg_Mux0                                                           ; work         ;
;    |mux4to1:DATA_MUX0|                    ; 69 (69)           ; 0 (0)        ; 0           ; 0            ; 0       ; 0         ; 0    ; 0            ; |data_path|mux4to1:DATA_MUX0                                                          ; work         ;
;    |mux4to1:IM_MUX2a|                     ; 33 (33)           ; 0 (0)        ; 0           ; 0            ; 0       ; 0         ; 0    ; 0            ; |data_path|mux4to1:IM_MUX2a                                                           ; work         ;
;    |pc:PC0|                               ; 62 (62)           ; 32 (32)      ; 0           ; 0            ; 0       ; 0         ; 0    ; 0            ; |data_path|pc:PC0                                                                     ; work         ;
;    |register32:IR|                        ; 0 (0)             ; 32 (32)      ; 0           ; 0            ; 0       ; 0         ; 0    ; 0            ; |data_path|register32:IR                                                              ; work         ;
;    |register32:Reg_A|                     ; 0 (0)             ; 32 (32)      ; 0           ; 0            ; 0       ; 0         ; 0    ; 0            ; |data_path|register32:Reg_A                                                           ; work         ;
;    |register32:Reg_B|                     ; 0 (0)             ; 32 (32)      ; 0           ; 0            ; 0       ; 0         ; 0    ; 0            ; |data_path|register32:Reg_B                                                           ; work         ;
+-------------------------------------------+-------------------+--------------+-------------+--------------+---------+-----------+------+--------------+---------------------------------------------------------------------------------------+--------------+
Note: For table entries with two numbers listed, the numbers in parentheses indicate the number of resources of the given type used by the specific entity alone. The numbers listed outside of parentheses indicate the total resources of the given type used by the specific entity and all of its sub-entities in the hierarchy.


+-------------------------------------------------------------------------------------------------------------------------------------------------------------------------------------------+
; Analysis & Synthesis RAM Summary                                                                                                                                                          ;
+---------------------------------------------------------------------------------------+------+------------------+--------------+--------------+--------------+--------------+------+------+
; Name                                                                                  ; Type ; Mode             ; Port A Depth ; Port A Width ; Port B Depth ; Port B Width ; Size ; MIF  ;
+---------------------------------------------------------------------------------------+------+------------------+--------------+--------------+--------------+--------------+------+------+
; data_mem:Data_Mem0|altsyncram:DATAMEM_rtl_0|altsyncram_hie1:auto_generated|ALTSYNCRAM ; AUTO ; Simple Dual Port ; 256          ; 32           ; 256          ; 32           ; 8192 ; None ;
+---------------------------------------------------------------------------------------+------+------------------+--------------+--------------+--------------+--------------+------+------+


+------------------------------------------------------+
; General Register Statistics                          ;
+----------------------------------------------+-------+
; Statistic                                    ; Value ;
+----------------------------------------------+-------+
; Total registers                              ; 193   ;
; Number of registers using Synchronous Clear  ; 32    ;
; Number of registers using Synchronous Load   ; 14    ;
; Number of registers using Asynchronous Clear ; 129   ;
; Number of registers using Asynchronous Load  ; 0     ;
; Number of registers using Clock Enable       ; 161   ;
; Number of registers using Preset             ; 0     ;
+----------------------------------------------+-------+


+----------------------------------------------------------------------------------------------------------------------------------------------------------+
; Multiplexer Restructuring Statistics (Restructuring Performed)                                                                                           ;
+--------------------+-----------+---------------+----------------------+------------------------+------------+--------------------------------------------+
; Multiplexer Inputs ; Bus Width ; Baseline Area ; Area if Restructured ; Saving if Restructured ; Registered ; Example Multiplexer Output                 ;
+--------------------+-----------+---------------+----------------------+------------------------+------------+--------------------------------------------+
; 3:1                ; 16 bits   ; 32 LEs        ; 32 LEs               ; 0 LEs                  ; Yes        ; |data_path|pc:PC0|q[28]~reg0               ;
; 3:1                ; 2 bits    ; 4 LEs         ; 2 LEs                ; 2 LEs                  ; Yes        ; |data_path|pc:PC0|q[0]~reg0                ;
; 3:1                ; 14 bits   ; 28 LEs        ; 28 LEs               ; 0 LEs                  ; Yes        ; |data_path|pc:PC0|q[14]~reg0               ;
; 4:1                ; 32 bits   ; 64 LEs        ; 64 LEs               ; 0 LEs                  ; Yes        ; |data_path|data_mem:Data_Mem0|data_out[19] ;
; 4:1                ; 32 bits   ; 64 LEs        ; 64 LEs               ; 0 LEs                  ; No         ; |data_path|mux4to1:DATA_MUX0|result[16]    ;
; 3:1                ; 15 bits   ; 30 LEs        ; 30 LEs               ; 0 LEs                  ; No         ; |data_path|mux4to1:IM_MUX2a|result[13]     ;
; 7:1                ; 30 bits   ; 120 LEs       ; 120 LEs              ; 0 LEs                  ; No         ; |data_path|alu:ALU0|result[24]             ;
+--------------------+-----------+---------------+----------------------+------------------------+------------+--------------------------------------------+


+---------------------------------------------------------------------------------------------------+
; Source assignments for data_mem:Data_Mem0|altsyncram:DATAMEM_rtl_0|altsyncram_hie1:auto_generated ;
+---------------------------------+--------------------+------+-------------------------------------+
; Assignment                      ; Value              ; From ; To                                  ;
+---------------------------------+--------------------+------+-------------------------------------+
; OPTIMIZE_POWER_DURING_SYNTHESIS ; NORMAL_COMPILATION ; -    ; -                                   ;
+---------------------------------+--------------------+------+-------------------------------------+


+----------------------------------------------------------------------------------------------+
; Parameter Settings for Inferred Entity Instance: data_mem:Data_Mem0|altsyncram:DATAMEM_rtl_0 ;
+------------------------------------+----------------------+----------------------------------+
; Parameter Name                     ; Value                ; Type                             ;
+------------------------------------+----------------------+----------------------------------+
; BYTE_SIZE_BLOCK                    ; 8                    ; Untyped                          ;
; AUTO_CARRY_CHAINS                  ; ON                   ; AUTO_CARRY                       ;
; IGNORE_CARRY_BUFFERS               ; OFF                  ; IGNORE_CARRY                     ;
; AUTO_CASCADE_CHAINS                ; ON                   ; AUTO_CASCADE                     ;
; IGNORE_CASCADE_BUFFERS             ; OFF                  ; IGNORE_CASCADE                   ;
; WIDTH_BYTEENA                      ; 1                    ; Untyped                          ;
; OPERATION_MODE                     ; DUAL_PORT            ; Untyped                          ;
; WIDTH_A                            ; 32                   ; Untyped                          ;
; WIDTHAD_A                          ; 8                    ; Untyped                          ;
; NUMWORDS_A                         ; 256                  ; Untyped                          ;
; OUTDATA_REG_A                      ; UNREGISTERED         ; Untyped                          ;
; ADDRESS_ACLR_A                     ; NONE                 ; Untyped                          ;
; OUTDATA_ACLR_A                     ; NONE                 ; Untyped                          ;
; WRCONTROL_ACLR_A                   ; NONE                 ; Untyped                          ;
; INDATA_ACLR_A                      ; NONE                 ; Untyped                          ;
; BYTEENA_ACLR_A                     ; NONE                 ; Untyped                          ;
; WIDTH_B                            ; 32                   ; Untyped                          ;
; WIDTHAD_B                          ; 8                    ; Untyped                          ;
; NUMWORDS_B                         ; 256                  ; Untyped                          ;
; INDATA_REG_B                       ; CLOCK1               ; Untyped                          ;
; WRCONTROL_WRADDRESS_REG_B          ; CLOCK1               ; Untyped                          ;
; RDCONTROL_REG_B                    ; CLOCK1               ; Untyped                          ;
; ADDRESS_REG_B                      ; CLOCK1               ; Untyped                          ;
; OUTDATA_REG_B                      ; UNREGISTERED         ; Untyped                          ;
; BYTEENA_REG_B                      ; CLOCK1               ; Untyped                          ;
; INDATA_ACLR_B                      ; NONE                 ; Untyped                          ;
; WRCONTROL_ACLR_B                   ; NONE                 ; Untyped                          ;
; ADDRESS_ACLR_B                     ; NONE                 ; Untyped                          ;
; OUTDATA_ACLR_B                     ; NONE                 ; Untyped                          ;
; RDCONTROL_ACLR_B                   ; NONE                 ; Untyped                          ;
; BYTEENA_ACLR_B                     ; NONE                 ; Untyped                          ;
; WIDTH_BYTEENA_A                    ; 1                    ; Untyped                          ;
; WIDTH_BYTEENA_B                    ; 1                    ; Untyped                          ;
; RAM_BLOCK_TYPE                     ; AUTO                 ; Untyped                          ;
; BYTE_SIZE                          ; 8                    ; Untyped                          ;
; READ_DURING_WRITE_MODE_MIXED_PORTS ; DONT_CARE            ; Untyped                          ;
; READ_DURING_WRITE_MODE_PORT_A      ; NEW_DATA_NO_NBE_READ ; Untyped                          ;
; READ_DURING_WRITE_MODE_PORT_B      ; NEW_DATA_NO_NBE_READ ; Untyped                          ;
; INIT_FILE                          ; UNUSED               ; Untyped                          ;
; INIT_FILE_LAYOUT                   ; PORT_A               ; Untyped                          ;
; MAXIMUM_DEPTH                      ; 0                    ; Untyped                          ;
; CLOCK_ENABLE_INPUT_A               ; NORMAL               ; Untyped                          ;
; CLOCK_ENABLE_INPUT_B               ; NORMAL               ; Untyped                          ;
; CLOCK_ENABLE_OUTPUT_A              ; NORMAL               ; Untyped                          ;
; CLOCK_ENABLE_OUTPUT_B              ; NORMAL               ; Untyped                          ;
; CLOCK_ENABLE_CORE_A                ; USE_INPUT_CLKEN      ; Untyped                          ;
; CLOCK_ENABLE_CORE_B                ; USE_INPUT_CLKEN      ; Untyped                          ;
; ENABLE_ECC                         ; FALSE                ; Untyped                          ;
; ECC_PIPELINE_STAGE_ENABLED         ; FALSE                ; Untyped                          ;
; WIDTH_ECCSTATUS                    ; 3                    ; Untyped                          ;
; DEVICE_FAMILY                      ; Cyclone IV E         ; Untyped                          ;
; CBXI_PARAMETER                     ; altsyncram_hie1      ; Untyped                          ;
+------------------------------------+----------------------+----------------------------------+
Note: In order to hide this table in the UI and the text report file, please set the "Show Parameter Settings in Synthesis Report" option in "Analysis and Synthesis Settings -> More Settings" to "Off".


+-----------------------------------------------------------------------------------------+
; altsyncram Parameter Settings by Entity Instance                                        ;
+-------------------------------------------+---------------------------------------------+
; Name                                      ; Value                                       ;
+-------------------------------------------+---------------------------------------------+
; Number of entity instances                ; 1                                           ;
; Entity Instance                           ; data_mem:Data_Mem0|altsyncram:DATAMEM_rtl_0 ;
;     -- OPERATION_MODE                     ; DUAL_PORT                                   ;
;     -- WIDTH_A                            ; 32                                          ;
;     -- NUMWORDS_A                         ; 256                                         ;
;     -- OUTDATA_REG_A                      ; UNREGISTERED                                ;
;     -- WIDTH_B                            ; 32                                          ;
;     -- NUMWORDS_B                         ; 256                                         ;
;     -- ADDRESS_REG_B                      ; CLOCK1                                      ;
;     -- OUTDATA_REG_B                      ; UNREGISTERED                                ;
;     -- RAM_BLOCK_TYPE                     ; AUTO                                        ;
;     -- READ_DURING_WRITE_MODE_MIXED_PORTS ; DONT_CARE                                   ;
+-------------------------------------------+---------------------------------------------+


+-----------------------------------------------+
; Port Connectivity Checks: "mux4to1:DATA_MUX0" ;
+------+-------+----------+---------------------+
; Port ; Type  ; Severity ; Details             ;
+------+-------+----------+---------------------+
; in4  ; Input ; Info     ; Stuck at GND        ;
+------+-------+----------+---------------------+


+----------------------------------------------+
; Port Connectivity Checks: "mux4to1:IM_MUX2a" ;
+------------+-------+----------+--------------+
; Port       ; Type  ; Severity ; Details      ;
+------------+-------+----------+--------------+
; in3[31..1] ; Input ; Info     ; Stuck at GND ;
; in3[0]     ; Input ; Info     ; Stuck at VCC ;
; in4        ; Input ; Info     ; Stuck at GND ;
+------------+-------+----------+--------------+


+-------------------------------+
; Elapsed Time Per Partition    ;
+----------------+--------------+
; Partition Name ; Elapsed Time ;
+----------------+--------------+
; Top            ; 00:00:01     ;
+----------------+--------------+


+-------------------------------+
; Analysis & Synthesis Messages ;
+-------------------------------+
Info: *******************************************************************
Info: Running Quartus II 64-Bit Analysis & Synthesis
    Info: Version 13.0.1 Build 232 06/12/2013 Service Pack 1 SJ Web Edition
    Info: Processing started: Thu Mar 12 07:20:10 2026
Info: Command: quartus_map --read_settings_files=on --write_settings_files=off lab4b -c lab4b
Warning (20028): Parallel compilation is not licensed and has been disabled
Info (12021): Found 2 design units, including 1 entities, in source file data_mem.vhd
    Info (12022): Found design unit 1: data_mem-behaviour
    Info (12023): Found entity 1: data_mem
Info (12021): Found 2 design units, including 1 entities, in source file alu.vhd
    Info (12022): Found design unit 1: alu-behaviour
    Info (12023): Found entity 1: alu
Info (12021): Found 2 design units, including 1 entities, in source file pc.vhd
    Info (12022): Found design unit 1: pc-Behaviour
    Info (12023): Found entity 1: pc
Info (12021): Found 2 design units, including 1 entities, in source file register32.vhd
    Info (12022): Found design unit 1: register32-Behaviour
    Info (12023): Found entity 1: register32
Info (12021): Found 2 design units, including 1 entities, in source file register1.vhd
    Info (12022): Found design unit 1: register1-Behaviour
    Info (12023): Found entity 1: register1
Info (12021): Found 2 design units, including 1 entities, in source file lze.vhd
    Info (12022): Found design unit 1: LZE-Behaviour
    Info (12023): Found entity 1: LZE
Info (12021): Found 2 design units, including 1 entities, in source file uze.vhd
    Info (12022): Found design unit 1: UZE-Behaviour
    Info (12023): Found entity 1: UZE
Info (12021): Found 2 design units, including 1 entities, in source file red.vhd
    Info (12022): Found design unit 1: RED-Behaviour
    Info (12023): Found entity 1: RED
Info (12021): Found 2 design units, including 1 entities, in source file mux4to1.vhd
    Info (12022): Found design unit 1: mux4to1-Behaviour
    Info (12023): Found entity 1: mux4to1
Info (12021): Found 2 design units, including 1 entities, in source file data_path.vhd
    Info (12022): Found design unit 1: data_path-Behaviour
    Info (12023): Found entity 1: data_path
Info (12021): Found 2 design units, including 1 entities, in source file mux2to1.vhd
    Info (12022): Found design unit 1: mux2to1-Behaviour
    Info (12023): Found entity 1: mux2to1
Info (12127): Elaborating entity "data_path" for the top level hierarchy
Warning (10540): VHDL Signal Declaration warning at data_path.vhd(154): used explicit default value for signal "temp" because signal was never assigned a value
Info (12128): Elaborating entity "register32" for hierarchy "register32:IR"
Warning (10492): VHDL Process Statement warning at register32.vhd(21): signal "ld" is read inside the Process Statement but isn't in the Process Statement's sensitivity list
Info (12128): Elaborating entity "LZE" for hierarchy "LZE:LZE_PC"
Warning (10540): VHDL Signal Declaration warning at LZE.vhd(12): used explicit default value for signal "zeros" because signal was never assigned a value
Info (12128): Elaborating entity "pc" for hierarchy "pc:PC0"
Info (12128): Elaborating entity "mux2to1" for hierarchy "mux2to1:A_Mux0"
Warning (10631): VHDL Process Statement warning at mux2to1.vhd(15): inferring latch(es) for signal or variable "result", which holds its previous value in one or more paths through the process
Info (10041): Inferred latch for "result[0]" at mux2to1.vhd(15)
Info (10041): Inferred latch for "result[1]" at mux2to1.vhd(15)
Info (10041): Inferred latch for "result[2]" at mux2to1.vhd(15)
Info (10041): Inferred latch for "result[3]" at mux2to1.vhd(15)
Info (10041): Inferred latch for "result[4]" at mux2to1.vhd(15)
Info (10041): Inferred latch for "result[5]" at mux2to1.vhd(15)
Info (10041): Inferred latch for "result[6]" at mux2to1.vhd(15)
Info (10041): Inferred latch for "result[7]" at mux2to1.vhd(15)
Info (10041): Inferred latch for "result[8]" at mux2to1.vhd(15)
Info (10041): Inferred latch for "result[9]" at mux2to1.vhd(15)
Info (10041): Inferred latch for "result[10]" at mux2to1.vhd(15)
Info (10041): Inferred latch for "result[11]" at mux2to1.vhd(15)
Info (10041): Inferred latch for "result[12]" at mux2to1.vhd(15)
Info (10041): Inferred latch for "result[13]" at mux2to1.vhd(15)
Info (10041): Inferred latch for "result[14]" at mux2to1.vhd(15)
Info (10041): Inferred latch for "result[15]" at mux2to1.vhd(15)
Info (10041): Inferred latch for "result[16]" at mux2to1.vhd(15)
Info (10041): Inferred latch for "result[17]" at mux2to1.vhd(15)
Info (10041): Inferred latch for "result[18]" at mux2to1.vhd(15)
Info (10041): Inferred latch for "result[19]" at mux2to1.vhd(15)
Info (10041): Inferred latch for "result[20]" at mux2to1.vhd(15)
Info (10041): Inferred latch for "result[21]" at mux2to1.vhd(15)
Info (10041): Inferred latch for "result[22]" at mux2to1.vhd(15)
Info (10041): Inferred latch for "result[23]" at mux2to1.vhd(15)
Info (10041): Inferred latch for "result[24]" at mux2to1.vhd(15)
Info (10041): Inferred latch for "result[25]" at mux2to1.vhd(15)
Info (10041): Inferred latch for "result[26]" at mux2to1.vhd(15)
Info (10041): Inferred latch for "result[27]" at mux2to1.vhd(15)
Info (10041): Inferred latch for "result[28]" at mux2to1.vhd(15)
Info (10041): Inferred latch for "result[29]" at mux2to1.vhd(15)
Info (10041): Inferred latch for "result[30]" at mux2to1.vhd(15)
Info (10041): Inferred latch for "result[31]" at mux2to1.vhd(15)
Info (12128): Elaborating entity "RED" for hierarchy "RED:RED_Data_Mem"
Info (12128): Elaborating entity "data_mem" for hierarchy "data_mem:Data_Mem0"
Info (12128): Elaborating entity "UZE" for hierarchy "UZE:UZE_IM_MUX1"
Warning (10540): VHDL Signal Declaration warning at UZE.vhd(12): used explicit default value for signal "zeros" because signal was never assigned a value
Info (12128): Elaborating entity "mux4to1" for hierarchy "mux4to1:IM_MUX2a"
Info (12128): Elaborating entity "alu" for hierarchy "alu:ALU0"
Warning (276027): Inferred dual-clock RAM node "data_mem:Data_Mem0|DATAMEM_rtl_0" from synchronous design logic.  The read-during-write behavior of a dual-clock RAM is undefined and may not match the behavior of the original design.
Info (19000): Inferred 1 megafunctions from design logic
    Info (276029): Inferred altsyncram megafunction from the following design logic: "data_mem:Data_Mem0|DATAMEM_rtl_0" 
        Info (286033): Parameter OPERATION_MODE set to DUAL_PORT
        Info (286033): Parameter WIDTH_A set to 32
        Info (286033): Parameter WIDTHAD_A set to 8
        Info (286033): Parameter NUMWORDS_A set to 256
        Info (286033): Parameter WIDTH_B set to 32
        Info (286033): Parameter WIDTHAD_B set to 8
        Info (286033): Parameter NUMWORDS_B set to 256
        Info (286033): Parameter ADDRESS_ACLR_A set to NONE
        Info (286033): Parameter OUTDATA_REG_B set to UNREGISTERED
        Info (286033): Parameter ADDRESS_ACLR_B set to NONE
        Info (286033): Parameter OUTDATA_ACLR_B set to NONE
        Info (286033): Parameter ADDRESS_REG_B set to CLOCK1
        Info (286033): Parameter INDATA_ACLR_A set to NONE
        Info (286033): Parameter WRCONTROL_ACLR_A set to NONE
Info (12130): Elaborated megafunction instantiation "data_mem:Data_Mem0|altsyncram:DATAMEM_rtl_0"
Info (12133): Instantiated megafunction "data_mem:Data_Mem0|altsyncram:DATAMEM_rtl_0" with the following parameter:
    Info (12134): Parameter "OPERATION_MODE" = "DUAL_PORT"
    Info (12134): Parameter "WIDTH_A" = "32"
    Info (12134): Parameter "WIDTHAD_A" = "8"
    Info (12134): Parameter "NUMWORDS_A" = "256"
    Info (12134): Parameter "WIDTH_B" = "32"
    Info (12134): Parameter "WIDTHAD_B" = "8"
    Info (12134): Parameter "NUMWORDS_B" = "256"
    Info (12134): Parameter "ADDRESS_ACLR_A" = "NONE"
    Info (12134): Parameter "OUTDATA_REG_B" = "UNREGISTERED"
    Info (12134): Parameter "ADDRESS_ACLR_B" = "NONE"
    Info (12134): Parameter "OUTDATA_ACLR_B" = "NONE"
    Info (12134): Parameter "ADDRESS_REG_B" = "CLOCK1"
    Info (12134): Parameter "INDATA_ACLR_A" = "NONE"
    Info (12134): Parameter "WRCONTROL_ACLR_A" = "NONE"
Info (12021): Found 1 design units, including 1 entities, in source file db/altsyncram_hie1.tdf
    Info (12023): Found entity 1: altsyncram_hie1
Info (286030): Timing-Driven Synthesis is running
Info (16010): Generating hard_block partition "hard_block:auto_generated_inst"
    Info (16011): Adding 0 node(s), including 0 DDIO, 0 PLL, 0 transceiver and 0 LCELL
Warning (21074): Design contains 4 input pin(s) that do not drive logic
    Warning (15610): No output dependent on input pin "CLR_C"
    Warning (15610): No output dependent on input pin "LD_C"
    Warning (15610): No output dependent on input pin "CLR_Z"
    Warning (15610): No output dependent on input pin "LD_Z"
Info (21057): Implemented 1035 device resources after synthesis - the final resource count might be different
    Info (21058): Implemented 60 input pins
    Info (21059): Implemented 266 output pins
    Info (21061): Implemented 677 logic cells
    Info (21064): Implemented 32 RAM segments
Info: Quartus II 64-Bit Analysis & Synthesis was successful. 0 errors, 12 warnings
    Info: Peak virtual memory: 393 megabytes
    Info: Processing ended: Thu Mar 12 07:20:13 2026
    Info: Elapsed time: 00:00:03
    Info: Total CPU time (on all processors): 00:00:00


