Analysis & Synthesis report for lab5
Thu Mar 19 05:49:19 2026
Quartus Prime Version 15.1.0 Build 185 10/21/2015 SJ Lite Edition


---------------------
; Table of Contents ;
---------------------
  1. Legal Notice
  2. Analysis & Synthesis Summary
  3. Analysis & Synthesis Settings
  4. Parallel Compilation
  5. Analysis & Synthesis Source Files Read
  6. Analysis & Synthesis Resource Usage Summary
  7. Analysis & Synthesis Resource Utilization by Entity
  8. State Machine - |Control|present_state
  9. User-Specified and Inferred Latches
 10. General Register Statistics
 11. Multiplexer Restructuring Statistics (Restructuring Performed)
 12. Post-Synthesis Netlist Statistics for Top Partition
 13. Elapsed Time Per Partition
 14. Analysis & Synthesis Messages



----------------
; Legal Notice ;
----------------
Copyright (C) 1991-2015 Altera Corporation. All rights reserved.
Your use of Altera Corporation's design tools, logic functions 
and other software and tools, and its AMPP partner logic 
functions, and any output files from any of the foregoing 
(including device programming or simulation files), and any 
associated documentation or information are expressly subject 
to the terms and conditions of the Altera Program License 
Subscription Agreement, the Altera Quartus Prime License Agreement,
the Altera MegaCore Function License Agreement, or other 
applicable license agreement, including, without limitation, 
that your use is for the sole purpose of programming logic 
devices manufactured by Altera and sold by Altera or its 
authorized distributors.  Please refer to the applicable 
agreement for further details.



+----------------------------------------------------------------------------------+
; Analysis & Synthesis Summary                                                     ;
+------------------------------------+---------------------------------------------+
; Analysis & Synthesis Status        ; Successful - Thu Mar 19 05:49:19 2026       ;
; Quartus Prime Version              ; 15.1.0 Build 185 10/21/2015 SJ Lite Edition ;
; Revision Name                      ; lab5                                        ;
; Top-level Entity Name              ; Control                                     ;
; Family                             ; Cyclone IV E                                ;
; Total logic elements               ; 111                                         ;
;     Total combinational functions  ; 110                                         ;
;     Dedicated logic registers      ; 3                                           ;
; Total registers                    ; 3                                           ;
; Total pins                         ; 65                                          ;
; Total virtual pins                 ; 0                                           ;
; Total memory bits                  ; 0                                           ;
; Embedded Multiplier 9-bit elements ; 0                                           ;
; Total PLLs                         ; 0                                           ;
+------------------------------------+---------------------------------------------+


+----------------------------------------------------------------------------------------------------------------------+
; Analysis & Synthesis Settings                                                                                        ;
+----------------------------------------------------------------------------+--------------------+--------------------+
; Option                                                                     ; Setting            ; Default Value      ;
+----------------------------------------------------------------------------+--------------------+--------------------+
; Device                                                                     ; EP4CE6E22C7        ;                    ;
; Top-level entity name                                                      ; Control            ; lab5               ;
; Family name                                                                ; Cyclone IV E       ; Cyclone V          ;
; Use smart compilation                                                      ; Off                ; Off                ;
; Enable parallel Assembler and TimeQuest Timing Analyzer during compilation ; On                 ; On                 ;
; Enable compact report table                                                ; Off                ; Off                ;
; Restructure Multiplexers                                                   ; Auto               ; Auto               ;
; Create Debugging Nodes for IP Cores                                        ; Off                ; Off                ;
; Preserve fewer node names                                                  ; On                 ; On                 ;
; Disable OpenCore Plus hardware evaluation                                  ; Off                ; Off                ;
; Verilog Version                                                            ; Verilog_2001       ; Verilog_2001       ;
; VHDL Version                                                               ; VHDL_1993          ; VHDL_1993          ;
; State Machine Processing                                                   ; Auto               ; Auto               ;
; Safe State Machine                                                         ; Off                ; Off                ;
; Extract Verilog State Machines                                             ; On                 ; On                 ;
; Extract VHDL State Machines                                                ; On                 ; On                 ;
; Ignore Verilog initial constructs                                          ; Off                ; Off                ;
; Iteration limit for constant Verilog loops                                 ; 5000               ; 5000               ;
; Iteration limit for non-constant Verilog loops                             ; 250                ; 250                ;
; Add Pass-Through Logic to Inferred RAMs                                    ; On                 ; On                 ;
; Infer RAMs from Raw Logic                                                  ; On                 ; On                 ;
; Parallel Synthesis                                                         ; On                 ; On                 ;
; DSP Block Balancing                                                        ; Auto               ; Auto               ;
; NOT Gate Push-Back                                                         ; On                 ; On                 ;
; Power-Up Don't Care                                                        ; On                 ; On                 ;
; Remove Redundant Logic Cells                                               ; Off                ; Off                ;
; Remove Duplicate Registers                                                 ; On                 ; On                 ;
; Ignore CARRY Buffers                                                       ; Off                ; Off                ;
; Ignore CASCADE Buffers                                                     ; Off                ; Off                ;
; Ignore GLOBAL Buffers                                                      ; Off                ; Off                ;
; Ignore ROW GLOBAL Buffers                                                  ; Off                ; Off                ;
; Ignore LCELL Buffers                                                       ; Off                ; Off                ;
; Ignore SOFT Buffers                                                        ; On                 ; On                 ;
; Limit AHDL Integers to 32 Bits                                             ; Off                ; Off                ;
; Optimization Technique                                                     ; Balanced           ; Balanced           ;
; Carry Chain Length                                                         ; 70                 ; 70                 ;
; Auto Carry Chains                                                          ; On                 ; On                 ;
; Auto Open-Drain Pins                                                       ; On                 ; On                 ;
; Perform WYSIWYG Primitive Resynthesis                                      ; Off                ; Off                ;
; Auto ROM Replacement                                                       ; On                 ; On                 ;
; Auto RAM Replacement                                                       ; On                 ; On                 ;
; Auto DSP Block Replacement                                                 ; On                 ; On                 ;
; Auto Shift Register Replacement                                            ; Auto               ; Auto               ;
; Allow Shift Register Merging across Hierarchies                            ; Auto               ; Auto               ;
; Auto Clock Enable Replacement                                              ; On                 ; On                 ;
; Strict RAM Replacement                                                     ; Off                ; Off                ;
; Allow Synchronous Control Signals                                          ; On                 ; On                 ;
; Force Use of Synchronous Clear Signals                                     ; Off                ; Off                ;
; Auto RAM Block Balancing                                                   ; On                 ; On                 ;
; Auto RAM to Logic Cell Conversion                                          ; Off                ; Off                ;
; Auto Resource Sharing                                                      ; Off                ; Off                ;
; Allow Any RAM Size For Recognition                                         ; Off                ; Off                ;
; Allow Any ROM Size For Recognition                                         ; Off                ; Off                ;
; Allow Any Shift Register Size For Recognition                              ; Off                ; Off                ;
; Use LogicLock Constraints during Resource Balancing                        ; On                 ; On                 ;
; Ignore translate_off and synthesis_off directives                          ; Off                ; Off                ;
; Timing-Driven Synthesis                                                    ; On                 ; On                 ;
; Report Parameter Settings                                                  ; On                 ; On                 ;
; Report Source Assignments                                                  ; On                 ; On                 ;
; Report Connectivity Checks                                                 ; On                 ; On                 ;
; Ignore Maximum Fan-Out Assignments                                         ; Off                ; Off                ;
; Synchronization Register Chain Length                                      ; 2                  ; 2                  ;
; PowerPlay Power Optimization During Synthesis                              ; Normal compilation ; Normal compilation ;
; HDL message level                                                          ; Level2             ; Level2             ;
; Suppress Register Optimization Related Messages                            ; Off                ; Off                ;
; Number of Removed Registers Reported in Synthesis Report                   ; 5000               ; 5000               ;
; Number of Swept Nodes Reported in Synthesis Report                         ; 5000               ; 5000               ;
; Number of Inverted Registers Reported in Synthesis Report                  ; 100                ; 100                ;
; Clock MUX Protection                                                       ; On                 ; On                 ;
; Auto Gated Clock Conversion                                                ; Off                ; Off                ;
; Block Design Naming                                                        ; Auto               ; Auto               ;
; SDC constraint protection                                                  ; Off                ; Off                ;
; Synthesis Effort                                                           ; Auto               ; Auto               ;
; Shift Register Replacement - Allow Asynchronous Clear Signal               ; On                 ; On                 ;
; Pre-Mapping Resynthesis Optimization                                       ; Off                ; Off                ;
; Analysis & Synthesis Message Level                                         ; Medium             ; Medium             ;
; Disable Register Merging Across Hierarchies                                ; Auto               ; Auto               ;
; Resource Aware Inference For Block RAM                                     ; On                 ; On                 ;
; Synthesis Seed                                                             ; 1                  ; 1                  ;
+----------------------------------------------------------------------------+--------------------+--------------------+


Parallel compilation was disabled, but you have multiple processors available. Enable parallel compilation to reduce compilation time.
+-------------------------------------+
; Parallel Compilation                ;
+----------------------------+--------+
; Processors                 ; Number ;
+----------------------------+--------+
; Number detected on machine ; 8      ;
; Maximum allowed            ; 1      ;
+----------------------------+--------+


+-------------------------------------------------------------------------------------------------------------------------------------------------------------------------+
; Analysis & Synthesis Source Files Read                                                                                                                                  ;
+----------------------------------+-----------------+-----------------+----------------------------------------------------------------------------------------+---------+
; File Name with User-Entered Path ; Used in Netlist ; File Type       ; File Name with Absolute Path                                                           ; Library ;
+----------------------------------+-----------------+-----------------+----------------------------------------------------------------------------------------+---------+
; Control.vhd                      ; yes             ; User VHDL File  ; /home/drhahnchenflugel/Github/Computer-Organisation-Architecture-Work/lab5/Control.vhd ;         ;
+----------------------------------+-----------------+-----------------+----------------------------------------------------------------------------------------+---------+


+--------------------------------------------------------------+
; Analysis & Synthesis Resource Usage Summary                  ;
+---------------------------------------------+----------------+
; Resource                                    ; Usage          ;
+---------------------------------------------+----------------+
; Estimated Total logic elements              ; 111            ;
;                                             ;                ;
; Total combinational functions               ; 110            ;
; Logic element usage by number of LUT inputs ;                ;
;     -- 4 input functions                    ; 58             ;
;     -- 3 input functions                    ; 38             ;
;     -- <=2 input functions                  ; 14             ;
;                                             ;                ;
; Logic elements by mode                      ;                ;
;     -- normal mode                          ; 110            ;
;     -- arithmetic mode                      ; 0              ;
;                                             ;                ;
; Total registers                             ; 3              ;
;     -- Dedicated logic registers            ; 3              ;
;     -- I/O registers                        ; 0              ;
;                                             ;                ;
; I/O pins                                    ; 65             ;
;                                             ;                ;
; Embedded Multiplier 9-bit elements          ; 0              ;
;                                             ;                ;
; Maximum fan-out node                        ; INST[31]~input ;
; Maximum fan-out                             ; 20             ;
; Total fan-out                               ; 473            ;
; Average fan-out                             ; 1.95           ;
+---------------------------------------------+----------------+


+-----------------------------------------------------------------------------------------------------------------------------------------------------------------------------+
; Analysis & Synthesis Resource Utilization by Entity                                                                                                                         ;
+----------------------------+-------------------+--------------+-------------+--------------+---------+-----------+------+--------------+---------------------+--------------+
; Compilation Hierarchy Node ; LC Combinationals ; LC Registers ; Memory Bits ; DSP Elements ; DSP 9x9 ; DSP 18x18 ; Pins ; Virtual Pins ; Full Hierarchy Name ; Library Name ;
+----------------------------+-------------------+--------------+-------------+--------------+---------+-----------+------+--------------+---------------------+--------------+
; |Control                   ; 110 (110)         ; 3 (3)        ; 0           ; 0            ; 0       ; 0         ; 65   ; 0            ; |Control            ; work         ;
+----------------------------+-------------------+--------------+-------------+--------------+---------+-----------+------+--------------+---------------------+--------------+
Note: For table entries with two numbers listed, the numbers in parentheses indicate the number of resources of the given type used by the specific entity alone. The numbers listed outside of parentheses indicate the total resources of the given type used by the specific entity and all of its sub-entities in the hierarchy.


Encoding Type:  One-Hot
+-----------------------------------------------------------------------------------------------+
; State Machine - |Control|present_state                                                        ;
+-----------------------+-----------------------+-----------------------+-----------------------+
; Name                  ; present_state.state_2 ; present_state.state_1 ; present_state.state_0 ;
+-----------------------+-----------------------+-----------------------+-----------------------+
; present_state.state_0 ; 0                     ; 0                     ; 0                     ;
; present_state.state_1 ; 0                     ; 1                     ; 1                     ;
; present_state.state_2 ; 1                     ; 0                     ; 1                     ;
+-----------------------+-----------------------+-----------------------+-----------------------+


+----------------------------------------------------------------------------------------------------+
; User-Specified and Inferred Latches                                                                ;
+-----------------------------------------------------+---------------------+------------------------+
; Latch Name                                          ; Latch Enable Signal ; Free of Timing Hazards ;
+-----------------------------------------------------+---------------------+------------------------+
; A_Mux$latch                                         ; A_Mux               ; yes                    ;
; B_Mux$latch                                         ; B_Mux               ; yes                    ;
; IM_MUX1$latch                                       ; IM_MUX1             ; yes                    ;
; REG_Mux$latch                                       ; REG_Mux             ; yes                    ;
; IM_MUX2[0]$latch                                    ; IM_MUX2[1]          ; yes                    ;
; IM_MUX2[1]$latch                                    ; IM_MUX2[1]          ; yes                    ;
; DATA_Mux[0]$latch                                   ; DATA_Mux[1]         ; yes                    ;
; DATA_Mux[1]$latch                                   ; DATA_Mux[1]         ; yes                    ;
; ALU_op[0]$latch                                     ; IM_MUX1             ; yes                    ;
; ALU_op[1]$latch                                     ; IM_MUX1             ; yes                    ;
; ALU_op[2]$latch                                     ; IM_MUX1             ; yes                    ;
; inc_PC$latch                                        ; inc_PC              ; yes                    ;
; ld_PC$latch                                         ; inc_PC              ; yes                    ;
; ld_IR$latch                                         ; inc_PC              ; yes                    ;
; clr_A$latch                                         ; inc_PC              ; yes                    ;
; clr_B$latch                                         ; inc_PC              ; yes                    ;
; clr_C$latch                                         ; inc_PC              ; yes                    ;
; clr_Z$latch                                         ; inc_PC              ; yes                    ;
; ld_A$latch                                          ; inc_PC              ; yes                    ;
; ld_B$latch                                          ; inc_PC              ; yes                    ;
; ld_C$latch                                          ; inc_PC              ; yes                    ;
; ld_Z$latch                                          ; inc_PC              ; yes                    ;
; wen$latch                                           ; wen                 ; yes                    ;
; en$latch                                            ; wen                 ; yes                    ;
; Number of user-specified and inferred latches = 24  ;                     ;                        ;
+-----------------------------------------------------+---------------------+------------------------+
Note: All latches listed above may not be present at the end of synthesis due to various synthesis optimizations.


+------------------------------------------------------+
; General Register Statistics                          ;
+----------------------------------------------+-------+
; Statistic                                    ; Value ;
+----------------------------------------------+-------+
; Total registers                              ; 3     ;
; Number of registers using Synchronous Clear  ; 0     ;
; Number of registers using Synchronous Load   ; 0     ;
; Number of registers using Asynchronous Clear ; 3     ;
; Number of registers using Asynchronous Load  ; 0     ;
; Number of registers using Clock Enable       ; 0     ;
; Number of registers using Preset             ; 0     ;
+----------------------------------------------+-------+


+------------------------------------------------------------------------------------------------------------------------------------------+
; Multiplexer Restructuring Statistics (Restructuring Performed)                                                                           ;
+--------------------+-----------+---------------+----------------------+------------------------+------------+----------------------------+
; Multiplexer Inputs ; Bus Width ; Baseline Area ; Area if Restructured ; Saving if Restructured ; Registered ; Example Multiplexer Output ;
+--------------------+-----------+---------------+----------------------+------------------------+------------+----------------------------+
; 3:1                ; 5 bits    ; 10 LEs        ; 5 LEs                ; 5 LEs                  ; No         ; |Control|ld_C              ;
; 6:1                ; 2 bits    ; 8 LEs         ; 4 LEs                ; 4 LEs                  ; No         ; |Control|ld_PC             ;
+--------------------+-----------+---------------+----------------------+------------------------+------------+----------------------------+


+-----------------------------------------------------+
; Post-Synthesis Netlist Statistics for Top Partition ;
+-----------------------+-----------------------------+
; Type                  ; Count                       ;
+-----------------------+-----------------------------+
; boundary_port         ; 65                          ;
; cycloneiii_ff         ; 3                           ;
;     CLR               ; 3                           ;
; cycloneiii_lcell_comb ; 112                         ;
;     normal            ; 112                         ;
;         0 data inputs ; 1                           ;
;         1 data inputs ; 3                           ;
;         2 data inputs ; 12                          ;
;         3 data inputs ; 38                          ;
;         4 data inputs ; 58                          ;
;                       ;                             ;
; Max LUT depth         ; 7.00                        ;
; Average LUT depth     ; 4.18                        ;
+-----------------------+-----------------------------+


+-------------------------------+
; Elapsed Time Per Partition    ;
+----------------+--------------+
; Partition Name ; Elapsed Time ;
+----------------+--------------+
; Top            ; 00:00:00     ;
+----------------+--------------+


+-------------------------------+
; Analysis & Synthesis Messages ;
+-------------------------------+
Info: *******************************************************************
Info: Running Quartus Prime Analysis & Synthesis
    Info: Version 15.1.0 Build 185 10/21/2015 SJ Lite Edition
    Info: Processing started: Thu Mar 19 05:49:10 2026
Info: Command: quartus_map --read_settings_files=on --write_settings_files=off lab5 -c lab5
Warning (20028): Parallel compilation is not licensed and has been disabled
Info (12021): Found 2 design units, including 1 entities, in source file Control.vhd
    Info (12022): Found design unit 1: Control-description File: /home/drhahnchenflugel/Github/Computer-Organisation-Architecture-Work/lab5/Control.vhd Line: 24
    Info (12023): Found entity 1: Control File: /home/drhahnchenflugel/Github/Computer-Organisation-Architecture-Work/lab5/Control.vhd Line: 4
Info (12127): Elaborating entity "Control" for the top level hierarchy
Warning (10631): VHDL Process Statement warning at Control.vhd(36): inferring latch(es) for signal or variable "DATA_Mux", which holds its previous value in one or more paths through the process File: /home/drhahnchenflugel/Github/Computer-Organisation-Architecture-Work/lab5/Control.vhd Line: 36
Warning (10631): VHDL Process Statement warning at Control.vhd(36): inferring latch(es) for signal or variable "clr_IR", which holds its previous value in one or more paths through the process File: /home/drhahnchenflugel/Github/Computer-Organisation-Architecture-Work/lab5/Control.vhd Line: 36
Warning (10631): VHDL Process Statement warning at Control.vhd(36): inferring latch(es) for signal or variable "ld_IR", which holds its previous value in one or more paths through the process File: /home/drhahnchenflugel/Github/Computer-Organisation-Architecture-Work/lab5/Control.vhd Line: 36
Warning (10631): VHDL Process Statement warning at Control.vhd(36): inferring latch(es) for signal or variable "ld_PC", which holds its previous value in one or more paths through the process File: /home/drhahnchenflugel/Github/Computer-Organisation-Architecture-Work/lab5/Control.vhd Line: 36
Warning (10631): VHDL Process Statement warning at Control.vhd(36): inferring latch(es) for signal or variable "inc_PC", which holds its previous value in one or more paths through the process File: /home/drhahnchenflugel/Github/Computer-Organisation-Architecture-Work/lab5/Control.vhd Line: 36
Warning (10631): VHDL Process Statement warning at Control.vhd(36): inferring latch(es) for signal or variable "clr_A", which holds its previous value in one or more paths through the process File: /home/drhahnchenflugel/Github/Computer-Organisation-Architecture-Work/lab5/Control.vhd Line: 36
Warning (10631): VHDL Process Statement warning at Control.vhd(36): inferring latch(es) for signal or variable "ld_A", which holds its previous value in one or more paths through the process File: /home/drhahnchenflugel/Github/Computer-Organisation-Architecture-Work/lab5/Control.vhd Line: 36
Warning (10631): VHDL Process Statement warning at Control.vhd(36): inferring latch(es) for signal or variable "ld_B", which holds its previous value in one or more paths through the process File: /home/drhahnchenflugel/Github/Computer-Organisation-Architecture-Work/lab5/Control.vhd Line: 36
Warning (10631): VHDL Process Statement warning at Control.vhd(36): inferring latch(es) for signal or variable "clr_B", which holds its previous value in one or more paths through the process File: /home/drhahnchenflugel/Github/Computer-Organisation-Architecture-Work/lab5/Control.vhd Line: 36
Warning (10631): VHDL Process Statement warning at Control.vhd(36): inferring latch(es) for signal or variable "clr_C", which holds its previous value in one or more paths through the process File: /home/drhahnchenflugel/Github/Computer-Organisation-Architecture-Work/lab5/Control.vhd Line: 36
Warning (10631): VHDL Process Statement warning at Control.vhd(36): inferring latch(es) for signal or variable "ld_C", which holds its previous value in one or more paths through the process File: /home/drhahnchenflugel/Github/Computer-Organisation-Architecture-Work/lab5/Control.vhd Line: 36
Warning (10631): VHDL Process Statement warning at Control.vhd(36): inferring latch(es) for signal or variable "clr_Z", which holds its previous value in one or more paths through the process File: /home/drhahnchenflugel/Github/Computer-Organisation-Architecture-Work/lab5/Control.vhd Line: 36
Warning (10631): VHDL Process Statement warning at Control.vhd(36): inferring latch(es) for signal or variable "ld_Z", which holds its previous value in one or more paths through the process File: /home/drhahnchenflugel/Github/Computer-Organisation-Architecture-Work/lab5/Control.vhd Line: 36
Warning (10631): VHDL Process Statement warning at Control.vhd(36): inferring latch(es) for signal or variable "en", which holds its previous value in one or more paths through the process File: /home/drhahnchenflugel/Github/Computer-Organisation-Architecture-Work/lab5/Control.vhd Line: 36
Warning (10631): VHDL Process Statement warning at Control.vhd(36): inferring latch(es) for signal or variable "wen", which holds its previous value in one or more paths through the process File: /home/drhahnchenflugel/Github/Computer-Organisation-Architecture-Work/lab5/Control.vhd Line: 36
Warning (10631): VHDL Process Statement warning at Control.vhd(36): inferring latch(es) for signal or variable "REG_Mux", which holds its previous value in one or more paths through the process File: /home/drhahnchenflugel/Github/Computer-Organisation-Architecture-Work/lab5/Control.vhd Line: 36
Warning (10631): VHDL Process Statement warning at Control.vhd(36): inferring latch(es) for signal or variable "A_Mux", which holds its previous value in one or more paths through the process File: /home/drhahnchenflugel/Github/Computer-Organisation-Architecture-Work/lab5/Control.vhd Line: 36
Warning (10631): VHDL Process Statement warning at Control.vhd(36): inferring latch(es) for signal or variable "B_Mux", which holds its previous value in one or more paths through the process File: /home/drhahnchenflugel/Github/Computer-Organisation-Architecture-Work/lab5/Control.vhd Line: 36
Warning (10631): VHDL Process Statement warning at Control.vhd(36): inferring latch(es) for signal or variable "ALU_op", which holds its previous value in one or more paths through the process File: /home/drhahnchenflugel/Github/Computer-Organisation-Architecture-Work/lab5/Control.vhd Line: 36
Warning (10631): VHDL Process Statement warning at Control.vhd(36): inferring latch(es) for signal or variable "IM_MUX1", which holds its previous value in one or more paths through the process File: /home/drhahnchenflugel/Github/Computer-Organisation-Architecture-Work/lab5/Control.vhd Line: 36
Warning (10631): VHDL Process Statement warning at Control.vhd(36): inferring latch(es) for signal or variable "IM_MUX2", which holds its previous value in one or more paths through the process File: /home/drhahnchenflugel/Github/Computer-Organisation-Architecture-Work/lab5/Control.vhd Line: 36
Info (10041): Inferred latch for "IM_MUX2[0]" at Control.vhd(36) File: /home/drhahnchenflugel/Github/Computer-Organisation-Architecture-Work/lab5/Control.vhd Line: 36
Info (10041): Inferred latch for "IM_MUX2[1]" at Control.vhd(36) File: /home/drhahnchenflugel/Github/Computer-Organisation-Architecture-Work/lab5/Control.vhd Line: 36
Info (10041): Inferred latch for "IM_MUX1" at Control.vhd(36) File: /home/drhahnchenflugel/Github/Computer-Organisation-Architecture-Work/lab5/Control.vhd Line: 36
Info (10041): Inferred latch for "ALU_op[0]" at Control.vhd(36) File: /home/drhahnchenflugel/Github/Computer-Organisation-Architecture-Work/lab5/Control.vhd Line: 36
Info (10041): Inferred latch for "ALU_op[1]" at Control.vhd(36) File: /home/drhahnchenflugel/Github/Computer-Organisation-Architecture-Work/lab5/Control.vhd Line: 36
Info (10041): Inferred latch for "ALU_op[2]" at Control.vhd(36) File: /home/drhahnchenflugel/Github/Computer-Organisation-Architecture-Work/lab5/Control.vhd Line: 36
Info (10041): Inferred latch for "B_Mux" at Control.vhd(36) File: /home/drhahnchenflugel/Github/Computer-Organisation-Architecture-Work/lab5/Control.vhd Line: 36
Info (10041): Inferred latch for "A_Mux" at Control.vhd(36) File: /home/drhahnchenflugel/Github/Computer-Organisation-Architecture-Work/lab5/Control.vhd Line: 36
Info (10041): Inferred latch for "REG_Mux" at Control.vhd(36) File: /home/drhahnchenflugel/Github/Computer-Organisation-Architecture-Work/lab5/Control.vhd Line: 36
Info (10041): Inferred latch for "wen" at Control.vhd(36) File: /home/drhahnchenflugel/Github/Computer-Organisation-Architecture-Work/lab5/Control.vhd Line: 36
Info (10041): Inferred latch for "en" at Control.vhd(36) File: /home/drhahnchenflugel/Github/Computer-Organisation-Architecture-Work/lab5/Control.vhd Line: 36
Info (10041): Inferred latch for "ld_Z" at Control.vhd(36) File: /home/drhahnchenflugel/Github/Computer-Organisation-Architecture-Work/lab5/Control.vhd Line: 36
Info (10041): Inferred latch for "clr_Z" at Control.vhd(36) File: /home/drhahnchenflugel/Github/Computer-Organisation-Architecture-Work/lab5/Control.vhd Line: 36
Info (10041): Inferred latch for "ld_C" at Control.vhd(36) File: /home/drhahnchenflugel/Github/Computer-Organisation-Architecture-Work/lab5/Control.vhd Line: 36
Info (10041): Inferred latch for "clr_C" at Control.vhd(36) File: /home/drhahnchenflugel/Github/Computer-Organisation-Architecture-Work/lab5/Control.vhd Line: 36
Info (10041): Inferred latch for "clr_B" at Control.vhd(36) File: /home/drhahnchenflugel/Github/Computer-Organisation-Architecture-Work/lab5/Control.vhd Line: 36
Info (10041): Inferred latch for "ld_B" at Control.vhd(36) File: /home/drhahnchenflugel/Github/Computer-Organisation-Architecture-Work/lab5/Control.vhd Line: 36
Info (10041): Inferred latch for "ld_A" at Control.vhd(36) File: /home/drhahnchenflugel/Github/Computer-Organisation-Architecture-Work/lab5/Control.vhd Line: 36
Info (10041): Inferred latch for "clr_A" at Control.vhd(36) File: /home/drhahnchenflugel/Github/Computer-Organisation-Architecture-Work/lab5/Control.vhd Line: 36
Info (10041): Inferred latch for "inc_PC" at Control.vhd(36) File: /home/drhahnchenflugel/Github/Computer-Organisation-Architecture-Work/lab5/Control.vhd Line: 36
Info (10041): Inferred latch for "ld_PC" at Control.vhd(36) File: /home/drhahnchenflugel/Github/Computer-Organisation-Architecture-Work/lab5/Control.vhd Line: 36
Info (10041): Inferred latch for "ld_IR" at Control.vhd(36) File: /home/drhahnchenflugel/Github/Computer-Organisation-Architecture-Work/lab5/Control.vhd Line: 36
Info (10041): Inferred latch for "clr_IR" at Control.vhd(36) File: /home/drhahnchenflugel/Github/Computer-Organisation-Architecture-Work/lab5/Control.vhd Line: 36
Info (10041): Inferred latch for "DATA_Mux[0]" at Control.vhd(36) File: /home/drhahnchenflugel/Github/Computer-Organisation-Architecture-Work/lab5/Control.vhd Line: 36
Info (10041): Inferred latch for "DATA_Mux[1]" at Control.vhd(36) File: /home/drhahnchenflugel/Github/Computer-Organisation-Architecture-Work/lab5/Control.vhd Line: 36
Info (13025): Duplicate LATCH primitives merged into single LATCH primitive
    Info (13026): Duplicate LATCH primitive "ld_Z$latch" merged with LATCH primitive "ld_C$latch" File: /home/drhahnchenflugel/Github/Computer-Organisation-Architecture-Work/lab5/Control.vhd Line: 36
Warning (13012): Latch A_Mux$latch has unsafe behavior File: /home/drhahnchenflugel/Github/Computer-Organisation-Architecture-Work/lab5/Control.vhd Line: 36
    Warning (13013): Ports D and ENA on the latch are fed by the same signal present_state.state_1 File: /home/drhahnchenflugel/Github/Computer-Organisation-Architecture-Work/lab5/Control.vhd Line: 26
Warning (13012): Latch B_Mux$latch has unsafe behavior File: /home/drhahnchenflugel/Github/Computer-Organisation-Architecture-Work/lab5/Control.vhd Line: 36
    Warning (13013): Ports D and ENA on the latch are fed by the same signal present_state.state_1 File: /home/drhahnchenflugel/Github/Computer-Organisation-Architecture-Work/lab5/Control.vhd Line: 26
Warning (13012): Latch IM_MUX1$latch has unsafe behavior File: /home/drhahnchenflugel/Github/Computer-Organisation-Architecture-Work/lab5/Control.vhd Line: 36
    Warning (13013): Ports D and ENA on the latch are fed by the same signal INST[31] File: /home/drhahnchenflugel/Github/Computer-Organisation-Architecture-Work/lab5/Control.vhd Line: 9
Warning (13012): Latch REG_Mux$latch has unsafe behavior File: /home/drhahnchenflugel/Github/Computer-Organisation-Architecture-Work/lab5/Control.vhd Line: 36
    Warning (13013): Ports D and ENA on the latch are fed by the same signal INST[31] File: /home/drhahnchenflugel/Github/Computer-Organisation-Architecture-Work/lab5/Control.vhd Line: 9
Warning (13012): Latch IM_MUX2[0]$latch has unsafe behavior File: /home/drhahnchenflugel/Github/Computer-Organisation-Architecture-Work/lab5/Control.vhd Line: 36
    Warning (13013): Ports D and ENA on the latch are fed by the same signal INST[24] File: /home/drhahnchenflugel/Github/Computer-Organisation-Architecture-Work/lab5/Control.vhd Line: 9
Warning (13012): Latch IM_MUX2[1]$latch has unsafe behavior File: /home/drhahnchenflugel/Github/Computer-Organisation-Architecture-Work/lab5/Control.vhd Line: 36
    Warning (13013): Ports D and ENA on the latch are fed by the same signal INST[24] File: /home/drhahnchenflugel/Github/Computer-Organisation-Architecture-Work/lab5/Control.vhd Line: 9
Warning (13012): Latch DATA_Mux[0]$latch has unsafe behavior File: /home/drhahnchenflugel/Github/Computer-Organisation-Architecture-Work/lab5/Control.vhd Line: 36
    Warning (13013): Ports D and ENA on the latch are fed by the same signal present_state.state_0 File: /home/drhahnchenflugel/Github/Computer-Organisation-Architecture-Work/lab5/Control.vhd Line: 26
Warning (13012): Latch DATA_Mux[1]$latch has unsafe behavior File: /home/drhahnchenflugel/Github/Computer-Organisation-Architecture-Work/lab5/Control.vhd Line: 36
    Warning (13013): Ports D and ENA on the latch are fed by the same signal present_state.state_2 File: /home/drhahnchenflugel/Github/Computer-Organisation-Architecture-Work/lab5/Control.vhd Line: 26
Warning (13012): Latch ALU_op[0]$latch has unsafe behavior File: /home/drhahnchenflugel/Github/Computer-Organisation-Architecture-Work/lab5/Control.vhd Line: 36
    Warning (13013): Ports D and ENA on the latch are fed by the same signal INST[28] File: /home/drhahnchenflugel/Github/Computer-Organisation-Architecture-Work/lab5/Control.vhd Line: 9
Warning (13012): Latch ALU_op[1]$latch has unsafe behavior File: /home/drhahnchenflugel/Github/Computer-Organisation-Architecture-Work/lab5/Control.vhd Line: 36
    Warning (13013): Ports D and ENA on the latch are fed by the same signal INST[24] File: /home/drhahnchenflugel/Github/Computer-Organisation-Architecture-Work/lab5/Control.vhd Line: 9
Warning (13012): Latch ALU_op[2]$latch has unsafe behavior File: /home/drhahnchenflugel/Github/Computer-Organisation-Architecture-Work/lab5/Control.vhd Line: 36
    Warning (13013): Ports D and ENA on the latch are fed by the same signal INST[24] File: /home/drhahnchenflugel/Github/Computer-Organisation-Architecture-Work/lab5/Control.vhd Line: 9
Warning (13012): Latch inc_PC$latch has unsafe behavior File: /home/drhahnchenflugel/Github/Computer-Organisation-Architecture-Work/lab5/Control.vhd Line: 36
    Warning (13013): Ports D and ENA on the latch are fed by the same signal present_state.state_2 File: /home/drhahnchenflugel/Github/Computer-Organisation-Architecture-Work/lab5/Control.vhd Line: 26
Warning (13012): Latch ld_PC$latch has unsafe behavior File: /home/drhahnchenflugel/Github/Computer-Organisation-Architecture-Work/lab5/Control.vhd Line: 36
    Warning (13013): Ports D and ENA on the latch are fed by the same signal present_state.state_2 File: /home/drhahnchenflugel/Github/Computer-Organisation-Architecture-Work/lab5/Control.vhd Line: 26
Warning (13012): Latch clr_A$latch has unsafe behavior File: /home/drhahnchenflugel/Github/Computer-Organisation-Architecture-Work/lab5/Control.vhd Line: 36
    Warning (13013): Ports D and ENA on the latch are fed by the same signal present_state.state_2 File: /home/drhahnchenflugel/Github/Computer-Organisation-Architecture-Work/lab5/Control.vhd Line: 26
Warning (13012): Latch clr_B$latch has unsafe behavior File: /home/drhahnchenflugel/Github/Computer-Organisation-Architecture-Work/lab5/Control.vhd Line: 36
    Warning (13013): Ports D and ENA on the latch are fed by the same signal present_state.state_2 File: /home/drhahnchenflugel/Github/Computer-Organisation-Architecture-Work/lab5/Control.vhd Line: 26
Warning (13012): Latch clr_C$latch has unsafe behavior File: /home/drhahnchenflugel/Github/Computer-Organisation-Architecture-Work/lab5/Control.vhd Line: 36
    Warning (13013): Ports D and ENA on the latch are fed by the same signal present_state.state_2 File: /home/drhahnchenflugel/Github/Computer-Organisation-Architecture-Work/lab5/Control.vhd Line: 26
Warning (13012): Latch clr_Z$latch has unsafe behavior File: /home/drhahnchenflugel/Github/Computer-Organisation-Architecture-Work/lab5/Control.vhd Line: 36
    Warning (13013): Ports D and ENA on the latch are fed by the same signal present_state.state_2 File: /home/drhahnchenflugel/Github/Computer-Organisation-Architecture-Work/lab5/Control.vhd Line: 26
Warning (13012): Latch ld_A$latch has unsafe behavior File: /home/drhahnchenflugel/Github/Computer-Organisation-Architecture-Work/lab5/Control.vhd Line: 36
    Warning (13013): Ports D and ENA on the latch are fed by the same signal INST[31] File: /home/drhahnchenflugel/Github/Computer-Organisation-Architecture-Work/lab5/Control.vhd Line: 9
Warning (13012): Latch ld_B$latch has unsafe behavior File: /home/drhahnchenflugel/Github/Computer-Organisation-Architecture-Work/lab5/Control.vhd Line: 36
    Warning (13013): Ports D and ENA on the latch are fed by the same signal INST[28] File: /home/drhahnchenflugel/Github/Computer-Organisation-Architecture-Work/lab5/Control.vhd Line: 9
Warning (13012): Latch ld_C$latch has unsafe behavior File: /home/drhahnchenflugel/Github/Computer-Organisation-Architecture-Work/lab5/Control.vhd Line: 36
    Warning (13013): Ports D and ENA on the latch are fed by the same signal present_state.state_2 File: /home/drhahnchenflugel/Github/Computer-Organisation-Architecture-Work/lab5/Control.vhd Line: 26
Warning (13012): Latch wen$latch has unsafe behavior File: /home/drhahnchenflugel/Github/Computer-Organisation-Architecture-Work/lab5/Control.vhd Line: 36
    Warning (13013): Ports D and ENA on the latch are fed by the same signal INST[31] File: /home/drhahnchenflugel/Github/Computer-Organisation-Architecture-Work/lab5/Control.vhd Line: 9
Warning (13012): Latch en$latch has unsafe behavior File: /home/drhahnchenflugel/Github/Computer-Organisation-Architecture-Work/lab5/Control.vhd Line: 36
    Warning (13013): Ports D and ENA on the latch are fed by the same signal INST[31] File: /home/drhahnchenflugel/Github/Computer-Organisation-Architecture-Work/lab5/Control.vhd Line: 9
Warning (13024): Output pins are stuck at VCC or GND
    Warning (13410): Pin "clr_IR" is stuck at GND File: /home/drhahnchenflugel/Github/Computer-Organisation-Architecture-Work/lab5/Control.vhd Line: 15
Info (286030): Timing-Driven Synthesis is running
Info (16010): Generating hard_block partition "hard_block:auto_generated_inst"
    Info (16011): Adding 0 node(s), including 0 DDIO, 0 PLL, 0 transceiver and 0 LCELL
Warning (21074): Design contains 25 input pin(s) that do not drive logic
    Warning (15610): No output dependent on input pin "mclk" File: /home/drhahnchenflugel/Github/Computer-Organisation-Architecture-Work/lab5/Control.vhd Line: 6
    Warning (15610): No output dependent on input pin "INST[0]" File: /home/drhahnchenflugel/Github/Computer-Organisation-Architecture-Work/lab5/Control.vhd Line: 9
    Warning (15610): No output dependent on input pin "INST[1]" File: /home/drhahnchenflugel/Github/Computer-Organisation-Architecture-Work/lab5/Control.vhd Line: 9
    Warning (15610): No output dependent on input pin "INST[2]" File: /home/drhahnchenflugel/Github/Computer-Organisation-Architecture-Work/lab5/Control.vhd Line: 9
    Warning (15610): No output dependent on input pin "INST[3]" File: /home/drhahnchenflugel/Github/Computer-Organisation-Architecture-Work/lab5/Control.vhd Line: 9
    Warning (15610): No output dependent on input pin "INST[4]" File: /home/drhahnchenflugel/Github/Computer-Organisation-Architecture-Work/lab5/Control.vhd Line: 9
    Warning (15610): No output dependent on input pin "INST[5]" File: /home/drhahnchenflugel/Github/Computer-Organisation-Architecture-Work/lab5/Control.vhd Line: 9
    Warning (15610): No output dependent on input pin "INST[6]" File: /home/drhahnchenflugel/Github/Computer-Organisation-Architecture-Work/lab5/Control.vhd Line: 9
    Warning (15610): No output dependent on input pin "INST[7]" File: /home/drhahnchenflugel/Github/Computer-Organisation-Architecture-Work/lab5/Control.vhd Line: 9
    Warning (15610): No output dependent on input pin "INST[8]" File: /home/drhahnchenflugel/Github/Computer-Organisation-Architecture-Work/lab5/Control.vhd Line: 9
    Warning (15610): No output dependent on input pin "INST[9]" File: /home/drhahnchenflugel/Github/Computer-Organisation-Architecture-Work/lab5/Control.vhd Line: 9
    Warning (15610): No output dependent on input pin "INST[10]" File: /home/drhahnchenflugel/Github/Computer-Organisation-Architecture-Work/lab5/Control.vhd Line: 9
    Warning (15610): No output dependent on input pin "INST[11]" File: /home/drhahnchenflugel/Github/Computer-Organisation-Architecture-Work/lab5/Control.vhd Line: 9
    Warning (15610): No output dependent on input pin "INST[12]" File: /home/drhahnchenflugel/Github/Computer-Organisation-Architecture-Work/lab5/Control.vhd Line: 9
    Warning (15610): No output dependent on input pin "INST[13]" File: /home/drhahnchenflugel/Github/Computer-Organisation-Architecture-Work/lab5/Control.vhd Line: 9
    Warning (15610): No output dependent on input pin "INST[14]" File: /home/drhahnchenflugel/Github/Computer-Organisation-Architecture-Work/lab5/Control.vhd Line: 9
    Warning (15610): No output dependent on input pin "INST[15]" File: /home/drhahnchenflugel/Github/Computer-Organisation-Architecture-Work/lab5/Control.vhd Line: 9
    Warning (15610): No output dependent on input pin "INST[16]" File: /home/drhahnchenflugel/Github/Computer-Organisation-Architecture-Work/lab5/Control.vhd Line: 9
    Warning (15610): No output dependent on input pin "INST[17]" File: /home/drhahnchenflugel/Github/Computer-Organisation-Architecture-Work/lab5/Control.vhd Line: 9
    Warning (15610): No output dependent on input pin "INST[18]" File: /home/drhahnchenflugel/Github/Computer-Organisation-Architecture-Work/lab5/Control.vhd Line: 9
    Warning (15610): No output dependent on input pin "INST[19]" File: /home/drhahnchenflugel/Github/Computer-Organisation-Architecture-Work/lab5/Control.vhd Line: 9
    Warning (15610): No output dependent on input pin "INST[20]" File: /home/drhahnchenflugel/Github/Computer-Organisation-Architecture-Work/lab5/Control.vhd Line: 9
    Warning (15610): No output dependent on input pin "INST[21]" File: /home/drhahnchenflugel/Github/Computer-Organisation-Architecture-Work/lab5/Control.vhd Line: 9
    Warning (15610): No output dependent on input pin "INST[22]" File: /home/drhahnchenflugel/Github/Computer-Organisation-Architecture-Work/lab5/Control.vhd Line: 9
    Warning (15610): No output dependent on input pin "INST[23]" File: /home/drhahnchenflugel/Github/Computer-Organisation-Architecture-Work/lab5/Control.vhd Line: 9
Info (21057): Implemented 176 device resources after synthesis - the final resource count might be different
    Info (21058): Implemented 37 input pins
    Info (21059): Implemented 28 output pins
    Info (21061): Implemented 111 logic cells
Info: Quartus Prime Analysis & Synthesis was successful. 0 errors, 94 warnings
    Info: Peak virtual memory: 1145 megabytes
    Info: Processing ended: Thu Mar 19 05:49:19 2026
    Info: Elapsed time: 00:00:09
    Info: Total CPU time (on all processors): 00:00:16


