Flow report for lab4a
Thu Feb 26 03:19:31 2026
Quartus Prime Version 15.1.0 Build 185 10/21/2015 SJ Lite Edition


---------------------
; Table of Contents ;
---------------------
  1. Legal Notice
  2. Flow Summary
  3. Flow Settings
  4. Flow Non-Default Global Settings
  5. Flow Elapsed Time
  6. Flow OS Summary
  7. Flow Log
  8. Flow Messages
  9. Flow Suppressed Messages



----------------
; Legal Notice ;
----------------
Copyright (C) 1991-2015 Altera Corporation. All rights reserved.
Your use of Altera Corporation's design tools, logic functions 
and other software and tools, and its AMPP partner logic 
functions, and any output files from any of the foregoing 
(including device programming or simulation files), and any 
associated documentation or information are expressly subject 
to the terms and conditions of the Altera Program License 
Subscription Agreement, the Altera Quartus Prime License Agreement,
the Altera MegaCore Function License Agreement, or other 
applicable license agreement, including, without limitation, 
that your use is for the sole purpose of programming logic 
devices manufactured by Altera and sold by Altera or its 
authorized distributors.  Please refer to the applicable 
agreement for further details.



+----------------------------------------------------------------------------------+
; Flow Summary                                                                     ;
+------------------------------------+---------------------------------------------+
; Flow Status                        ; Successful - Thu Feb 26 03:19:24 2026       ;
; Quartus Prime Version              ; 15.1.0 Build 185 10/21/2015 SJ Lite Edition ;
; Revision Name                      ; lab4a                                       ;
; Top-level Entity Name              ; data_mem                                    ;
; Family                             ; Cyclone IV E                                ;
; Device                             ; EP4CE115F23C7                               ;
; Timing Models                      ; Final                                       ;
; Total logic elements               ; 9,913 / 114,480 ( 9 % )                     ;
;     Total combinational functions  ; 5,769 / 114,480 ( 5 % )                     ;
;     Dedicated logic registers      ; 8,224 / 114,480 ( 7 % )                     ;
; Total registers                    ; 8224                                        ;
; Total pins                         ; 75 / 281 ( 27 % )                           ;
; Total virtual pins                 ; 0                                           ;
; Total memory bits                  ; 0 / 3,981,312 ( 0 % )                       ;
; Embedded Multiplier 9-bit elements ; 0 / 532 ( 0 % )                             ;
; Total PLLs                         ; 0 / 4 ( 0 % )                               ;
+------------------------------------+---------------------------------------------+


+-----------------------------------------+
; Flow Settings                           ;
+-------------------+---------------------+
; Option            ; Setting             ;
+-------------------+---------------------+
; Start date & time ; 02/26/2026 03:15:41 ;
; Main task         ; Compilation         ;
; Revision Name     ; lab4a               ;
+-------------------+---------------------+


+------------------------------------------------------------------------------------------------------------------+
; Flow Non-Default Global Settings                                                                                 ;
+-------------------------------------+---------------------------------+---------------+-------------+------------+
; Assignment Name                     ; Value                           ; Default Value ; Entity Name ; Section Id ;
+-------------------------------------+---------------------------------+---------------+-------------+------------+
; COMPILER_SIGNATURE_ID               ; 206863093923441.177209374125376 ; --            ; --          ; --         ;
; MAX_CORE_JUNCTION_TEMP              ; 85                              ; --            ; --          ; --         ;
; MIN_CORE_JUNCTION_TEMP              ; 0                               ; --            ; --          ; --         ;
; NOMINAL_CORE_SUPPLY_VOLTAGE         ; 1.2V                            ; --            ; --          ; --         ;
; PARTITION_COLOR                     ; 16764057                        ; --            ; data_mem    ; Top        ;
; PARTITION_FITTER_PRESERVATION_LEVEL ; PLACEMENT_AND_ROUTING           ; --            ; data_mem    ; Top        ;
; PARTITION_NETLIST_TYPE              ; SOURCE                          ; --            ; data_mem    ; Top        ;
; PROJECT_OUTPUT_DIRECTORY            ; output_files                    ; --            ; --          ; --         ;
; TOP_LEVEL_ENTITY                    ; data_mem                        ; lab4a         ; --          ; --         ;
+-------------------------------------+---------------------------------+---------------+-------------+------------+


+-------------------------------------------------------------------------------------------------------------------------------+
; Flow Elapsed Time                                                                                                             ;
+---------------------------+--------------+-------------------------+---------------------+------------------------------------+
; Module Name               ; Elapsed Time ; Average Processors Used ; Peak Virtual Memory ; Total CPU Time (on all processors) ;
+---------------------------+--------------+-------------------------+---------------------+------------------------------------+
; Analysis & Synthesis      ; 00:00:16     ; 1.0                     ; 1159 MB             ; 00:00:23                           ;
; Fitter                    ; 00:03:16     ; 1.0                     ; 1616 MB             ; 00:03:15                           ;
; Assembler                 ; 00:00:03     ; 1.0                     ; 1024 MB             ; 00:00:03                           ;
; TimeQuest Timing Analyzer ; 00:00:04     ; 1.0                     ; 1160 MB             ; 00:00:04                           ;
; Total                     ; 00:03:39     ; --                      ; --                  ; 00:03:45                           ;
+---------------------------+--------------+-------------------------+---------------------+------------------------------------+


+----------------------------------------------------------------------------------------------------------------+
; Flow OS Summary                                                                                                ;
+---------------------------+-------------------------+--------------------+--------------------+----------------+
; Module Name               ; Machine Hostname        ; OS Name            ; OS Version         ; Processor type ;
+---------------------------+-------------------------+--------------------+--------------------+----------------+
; Analysis & Synthesis      ; drhahnchenflugel-homepc ; \S{PRETTY_NAME} \r ; \S{PRETTY_NAME} \r ; x86_64         ;
; Fitter                    ; drhahnchenflugel-homepc ; \S{PRETTY_NAME} \r ; \S{PRETTY_NAME} \r ; x86_64         ;
; Assembler                 ; drhahnchenflugel-homepc ; \S{PRETTY_NAME} \r ; \S{PRETTY_NAME} \r ; x86_64         ;
; TimeQuest Timing Analyzer ; drhahnchenflugel-homepc ; \S{PRETTY_NAME} \r ; \S{PRETTY_NAME} \r ; x86_64         ;
+---------------------------+-------------------------+--------------------+--------------------+----------------+


------------
; Flow Log ;
------------
quartus_map --read_settings_files=on --write_settings_files=off lab4a -c lab4a
quartus_fit --read_settings_files=off --write_settings_files=off lab4a -c lab4a
quartus_asm --read_settings_files=off --write_settings_files=off lab4a -c lab4a
quartus_sta lab4a -c lab4a



